action: type-checking, msg: parallel type-checking
cwd: /scratch/hgv27681/work/dev-c7
cmd: /scratch/hgv27681/work/dev-c7/.venv/bin/python3 .venv/lib/python3.13/site-packages/tox/__main__.py -p
type-checking create: /scratch/hgv27681/work/dev-c7/.tox/type-checking
type-checking installed: accessible-pygments==0.0.5,alabaster==1.0.0,annotated-types==0.7.0,anyio==4.10.0,babel==2.17.0,beautifulsoup4==4.13.5,certifi==2025.8.3,cfgv==3.4.0,charset-normalizer==3.4.3,click==8.2.1,colorama==0.4.6,copier==9.10.1,coverage==7.10.6,-e git+ssh://git@github.com/DiamondLightSource/dev-c7.git@1e502e0889410da40332927366d73a20d067f181#egg=dev_c7,distlib==0.4.0,docutils==0.21.2,dunamai==1.25.0,filelock==3.19.1,funcy==2.0,h11==0.16.0,identify==2.6.13,idna==3.10,imagesize==1.4.1,iniconfig==2.1.0,Jinja2==3.1.6,jinja2-ansible-filters==1.3.2,markdown-it-py==3.0.0,MarkupSafe==3.0.2,mdit-py-plugins==0.5.0,mdurl==0.1.2,myst-parser==4.0.1,nodeenv==1.9.1,packaging==25.0,pathlib2==2.3.7.post1,pathspec==0.12.1,pipdeptree==2.28.0,platformdirs==4.4.0,pluggy==1.6.0,plumbum==1.9.0,pre_commit==4.3.0,prompt_toolkit==3.0.51,py==1.11.0,pydantic==2.11.7,pydantic_core==2.33.2,pydata-sphinx-theme==0.16.1,Pygments==2.19.2,pyright==1.1.405,pytest==8.4.1,pytest-cov==6.2.1,PyYAML==6.0.2,questionary==2.1.1,requests==2.32.5,roman-numerals-py==3.1.0,ruff==0.12.11,six==1.17.0,sniffio==1.3.1,snowballstemmer==3.0.1,soupsieve==2.8,Sphinx==8.2.3,sphinx-autobuild==2025.8.25,sphinx-copybutton==0.5.2,sphinx_design==0.6.1,sphinxcontrib-applehelp==2.0.0,sphinxcontrib-devhelp==2.0.0,sphinxcontrib-htmlhelp==2.1.0,sphinxcontrib-jsmath==1.0.1,sphinxcontrib-qthelp==2.0.0,sphinxcontrib-serializinghtml==2.0.0,starlette==0.47.3,tox==3.28.0,tox-direct==0.4,types-mock==5.2.0.20250809,typing-inspection==0.4.1,typing_extensions==4.15.0,urllib3==2.5.0,uvicorn==0.35.0,virtualenv==20.34.0,watchfiles==1.1.0,wcwidth==0.2.13,websockets==15.0.1
type-checking run-test-pre: PYTHONHASHSEED='1656932503'
type-checking run-test: commands[0] | pyright src tests
/scratch/hgv27681/work/dev-c7/.venv/lib/python3.13/site-packages/pyright/dist/dist/vendor.js:2
exports.id=121,exports.ids=[121],exports.modules={6:(A,e,t)=>{var o=t(379),r=t(7291),n=t(7759).C,i=t(8772),s=t(6249).g;function g(A,e){var t=A;return"string"==typeof A&&(t=o.parseSourceMapInput(A)),null!=t.sections?new I(t,e):new C(t,e)}function C(A,e){var t=A;"string"==typeof A&&(t=o.parseSourceMapInput(A));var r=o.getArg(t,"version"),i=o.getArg(t,"sources"),s=o.getArg(t,"names",[]),g=o.getArg(t,"sourceRoot",null),C=o.getArg(t,"sourcesContent",null),a=o.getArg(t,"mappings"),I=o.getArg(t,"file",null);if(r!=this._version)throw new Error("Unsupported version: "+r);g&&(g=o.normalize(g)),i=i.map(String).map(o.normalize).map(function(A){return g&&o.isAbsolute(g)&&o.isAbsolute(A)?o.relative(g,A):A}),this._names=n.fromArray(s.map(String),!0),this._sources=n.fromArray(i,!0),this._absoluteSources=this._sources.toArray().map(function(A){return o.computeSourceURL(g,A,e)}),this.sourceRoot=g,this.sourcesContent=C,this._mapping

SyntaxError: Unexpected token =
    at Module._compile (internal/modules/cjs/loader.js:723:23)
    at Object.Module._extensions..js (internal/modules/cjs/loader.js:789:10)
    at Module.load (internal/modules/cjs/loader.js:653:32)
    at tryModuleLoad (internal/modules/cjs/loader.js:593:12)
    at Function.Module._load (internal/modules/cjs/loader.js:585:3)
    at Module.require (internal/modules/cjs/loader.js:692:17)
    at require (internal/modules/cjs/helpers.js:25:18)
    at Object.o.f.require (/scratch/hgv27681/work/dev-c7/.venv/lib/python3.13/site-packages/pyright/dist/dist/pyright.js:1:2288)
    at Promise.all.Object.keys.reduce (/scratch/hgv27681/work/dev-c7/.venv/lib/python3.13/site-packages/pyright/dist/dist/pyright.js:1:1757)
    at Array.reduce (<anonymous>)
ERROR: InvocationError for command /scratch/hgv27681/work/dev-c7/.venv/bin/pyright src tests (exited with code 1)
